{"/home/atish/projects/protos/aws-sqs-sns_proto/src/app.ts": {"path":"/home/atish/projects/protos/aws-sqs-sns_proto/src/app.ts","statementMap":{"0":{"start":{"line":1,"column":0},"end":{"line":1,"column":43}},"1":{"start":{"line":2,"column":0},"end":{"line":2,"column":24}},"2":{"start":{"line":3,"column":0},"end":{"line":3,"column":28}},"3":{"start":{"line":4,"column":0},"end":{"line":4,"column":28}},"4":{"start":{"line":5,"column":0},"end":{"line":5,"column":28}},"5":{"start":{"line":8,"column":0},"end":{"line":8,"column":16}},"6":{"start":{"line":10,"column":21},"end":{"line":10,"column":30}},"7":{"start":{"line":13,"column":0},"end":{"line":13,"column":18}},"8":{"start":{"line":14,"column":0},"end":{"line":14,"column":16}},"9":{"start":{"line":15,"column":0},"end":{"line":15,"column":23}},"10":{"start":{"line":16,"column":0},"end":{"line":16,"column":24}},"11":{"start":{"line":17,"column":0},"end":{"line":17,"column":48}},"12":{"start":{"line":20,"column":0},"end":{"line":22,"column":3}},"13":{"start":{"line":21,"column":2},"end":{"line":21,"column":65}},"14":{"start":{"line":25,"column":0},"end":{"line":28,"column":3}},"15":{"start":{"line":26,"column":2},"end":{"line":26,"column":27}},"16":{"start":{"line":27,"column":2},"end":{"line":27,"column":61}},"17":{"start":{"line":30,"column":0},"end":{"line":30,"column":19}}},"fnMap":{"0":{"name":"(anonymous_1)","decl":{"start":{"line":20,"column":13},"end":{"line":20,"column":14}},"loc":{"start":{"line":20,"column":27},"end":{"line":22,"column":1}}},"1":{"name":"(anonymous_2)","decl":{"start":{"line":25,"column":8},"end":{"line":25,"column":9}},"loc":{"start":{"line":25,"column":98},"end":{"line":28,"column":1}}}},"branchMap":{},"s":{"0":1,"1":1,"2":1,"3":1,"4":1,"5":1,"6":1,"7":1,"8":1,"9":1,"10":1,"11":1,"12":1,"13":1,"14":1,"15":0,"16":0,"17":1},"f":{"0":1,"1":0},"b":{}}
}
